<?xml version="1.0" encoding="UTF-8" ?>
<testsuite errors="0" failures="0" hostname="Jamies-MacBook-Air-2.local" name="com.flatironschool.javacs.MyTreeMapTest" skipped="0" tests="11" time="0.1" timestamp="2016-06-19T04:48:12">
  <properties>
[...]
</properties>
  <testcase classname="com.flatironschool.javacs.MyTreeMapTest" name="testGet" time="0.009" />
  <testcase classname="com.flatironschool.javacs.MyTreeMapTest" name="testPut" time="0.0" />
  <testcase classname="com.flatironschool.javacs.MyTreeMapTest" name="testClear" time="0.0" />
  <testcase classname="com.flatironschool.javacs.MyTreeMapTest" name="testSize" time="0.0" />
  <testcase classname="com.flatironschool.javacs.MyTreeMapTest" name="testContainsKey" time="0.0" />
  <testcase classname="com.flatironschool.javacs.MyTreeMapTest" name="testContainsValue" time="0.0" />
  <testcase classname="com.flatironschool.javacs.MyTreeMapTest" name="testKeySet" time="0.0" />
  <testcase classname="com.flatironschool.javacs.MyTreeMapTest" name="testPutAll" time="0.0" />
  <testcase classname="com.flatironschool.javacs.MyTreeMapTest" name="testIsEmpty" time="0.0" />
  <testcase classname="com.flatironschool.javacs.MyTreeMapTest" name="testRemove" time="0.0" />
  <testcase classname="com.flatironschool.javacs.MyTreeMapTest" name="testValues" time="0.0" />
  <system-out><![CDATA[08
03
01
06
04
07
10
14
]]></system-out>
  <system-err><![CDATA[]]></system-err>
</testsuite>
