<?xml version="1.0" encoding="UTF-8" ?>
<testsuite errors="0" failures="3" hostname="Jamies-MacBook-Air-2.local" name="com.flatironschool.javacs.MyTreeMapTest" skipped="0" tests="11" time="0.428" timestamp="2016-06-19T03:54:24">
  <properties>
[...]
</properties>
  <testcase classname="com.flatironschool.javacs.MyTreeMapTest" name="testGet" time="0.006" />
  <testcase classname="com.flatironschool.javacs.MyTreeMapTest" name="testPut" time="0.007">
    <failure message="&#xa;Expected: is &lt;66&gt;&#xa;     but: was &lt;6&gt;" type="junit.framework.AssertionFailedError">junit.framework.AssertionFailedError: 
Expected: is &lt;66&gt;
     but: was &lt;6&gt;
	at org.hamcrest.MatcherAssert.assertThat(MatcherAssert.java:20)
	at com.flatironschool.javacs.MyTreeMapTest.testPut(MyTreeMapTest.java:147)
</failure>
  </testcase>
  <testcase classname="com.flatironschool.javacs.MyTreeMapTest" name="testClear" time="0.0" />
  <testcase classname="com.flatironschool.javacs.MyTreeMapTest" name="testSize" time="0.001" />
  <testcase classname="com.flatironschool.javacs.MyTreeMapTest" name="testContainsKey" time="0.0" />
  <testcase classname="com.flatironschool.javacs.MyTreeMapTest" name="testContainsValue" time="0.0" />
  <testcase classname="com.flatironschool.javacs.MyTreeMapTest" name="testKeySet" time="0.002">
    <failure message="&#xa;Expected: is &lt;9&gt;&#xa;     but: was &lt;0&gt;" type="junit.framework.AssertionFailedError">junit.framework.AssertionFailedError: 
Expected: is &lt;9&gt;
     but: was &lt;0&gt;
	at org.hamcrest.MatcherAssert.assertThat(MatcherAssert.java:20)
	at com.flatironschool.javacs.MyTreeMapTest.testKeySet(MyTreeMapTest.java:121)
</failure>
  </testcase>
  <testcase classname="com.flatironschool.javacs.MyTreeMapTest" name="testPutAll" time="0.002">
    <failure message="&#xa;Expected: is &lt;12&gt;&#xa;     but: was &lt;9&gt;" type="junit.framework.AssertionFailedError">junit.framework.AssertionFailedError: 
Expected: is &lt;12&gt;
     but: was &lt;9&gt;
	at org.hamcrest.MatcherAssert.assertThat(MatcherAssert.java:20)
	at com.flatironschool.javacs.MyTreeMapTest.testPutAll(MyTreeMapTest.java:164)
</failure>
  </testcase>
  <testcase classname="com.flatironschool.javacs.MyTreeMapTest" name="testIsEmpty" time="0.001" />
  <testcase classname="com.flatironschool.javacs.MyTreeMapTest" name="testRemove" time="0.0" />
  <testcase classname="com.flatironschool.javacs.MyTreeMapTest" name="testValues" time="0.0" />
  <system-out><![CDATA[]]></system-out>
  <system-err><![CDATA[]]></system-err>
</testsuite>
